<?xml version="1.0" encoding="UTF-8"?>
<!-- Generated by org.testng.reporters.JUnitReportReporter -->
<testsuite skipped="0" hostname="DESKTOP-ERC082G" name="AutomationPracticeTest" tests="1" failures="0" timestamp="28 июн 2018 05:47:51 GMT" time="7.698" errors="0">
  <testcase name="tShirtTest" time="7.698" classname="AutomationPracticeTest"/>
</testsuite> <!-- AutomationPracticeTest -->
